<?xml version="1.0" encoding="UTF-8"?>
<coverage generated="1705044627348" clover="3.2.0">
  <project timestamp="1705044627349" name="All files">
    <metrics statements="10" coveredstatements="10" conditionals="6" coveredconditionals="6" methods="2" coveredmethods="2" elements="18" coveredelements="18" complexity="0" loc="10" ncloc="10" packages="1" files="1" classes="1"/>
    <file name="missingValues.js" path="/home/tony/code/katas/src/missingValues.js">
      <metrics statements="10" coveredstatements="10" conditionals="6" coveredconditionals="6" methods="2" coveredmethods="2"/>
      <line num="28" count="3" type="stmt"/>
      <line num="29" count="24" type="cond" truecount="2" falsecount="0"/>
      <line num="30" count="24" type="stmt"/>
      <line num="33" count="3" type="stmt"/>
      <line num="34" count="11" type="cond" truecount="2" falsecount="0"/>
      <line num="35" count="11" type="cond" truecount="2" falsecount="0"/>
      <line num="38" count="3" type="stmt"/>
      <line num="41" count="1" type="stmt"/>
      <line num="43" count="1" type="stmt"/>
      <line num="46" count="1" type="stmt"/>
    </file>
  </project>
</coverage>
