{"/home/tony/code/katas/src/missingValues.js": {"path":"/home/tony/code/katas/src/missingValues.js","statementMap":{"0":{"start":{"line":28,"column":14},"end":{"line":31,"column":8}},"1":{"start":{"line":29,"column":4},"end":{"line":29,"column":51}},"2":{"start":{"line":30,"column":4},"end":{"line":30,"column":15}},"3":{"start":{"line":33,"column":2},"end":{"line":36,"column":3}},"4":{"start":{"line":34,"column":4},"end":{"line":34,"column":32}},"5":{"start":{"line":34,"column":24},"end":{"line":34,"column":32}},"6":{"start":{"line":35,"column":4},"end":{"line":35,"column":32}},"7":{"start":{"line":35,"column":24},"end":{"line":35,"column":32}},"8":{"start":{"line":38,"column":2},"end":{"line":38,"column":19}},"9":{"start":{"line":41,"column":0},"end":{"line":41,"column":31}},"10":{"start":{"line":43,"column":0},"end":{"line":43,"column":47}},"11":{"start":{"line":46,"column":0},"end":{"line":46,"column":71}}},"fnMap":{"0":{"name":"missingValues","decl":{"start":{"line":24,"column":9},"end":{"line":24,"column":22}},"loc":{"start":{"line":24,"column":28},"end":{"line":39,"column":1}},"line":24},"1":{"name":"(anonymous_1)","decl":{"start":{"line":28,"column":25},"end":{"line":28,"column":26}},"loc":{"start":{"line":28,"column":40},"end":{"line":31,"column":3}},"line":28}},"branchMap":{"0":{"loc":{"start":{"line":29,"column":4},"end":{"line":29,"column":50}},"type":"cond-expr","locations":[{"start":{"line":29,"column":17},"end":{"line":29,"column":31}},{"start":{"line":29,"column":36},"end":{"line":29,"column":49}}],"line":29},"1":{"loc":{"start":{"line":34,"column":4},"end":{"line":34,"column":32}},"type":"if","locations":[{"start":{"line":34,"column":4},"end":{"line":34,"column":32}},{"start":{},"end":{}}],"line":34},"2":{"loc":{"start":{"line":35,"column":4},"end":{"line":35,"column":32}},"type":"if","locations":[{"start":{"line":35,"column":4},"end":{"line":35,"column":32}},{"start":{},"end":{}}],"line":35}},"s":{"0":3,"1":24,"2":24,"3":3,"4":11,"5":3,"6":11,"7":3,"8":3,"9":1,"10":1,"11":1},"f":{"0":3,"1":24},"b":{"0":[13,11],"1":[3,8],"2":[3,8]},"_coverageSchema":"1a1c01bbd47fc00a2c39e90264f33305004495a9","hash":"052484a38d70ef54be679375dba3493109636792"}
}
